<?xml version="1.0" encoding="UTF-8"?>
<!-- Generated by org.testng.reporters.JUnitReportReporter -->
<testsuite skipped="0" hostname="aks-lenovo" name="testScripts.TC_06CreateFilter" tests="1" failures="0" timestamp="2021-10-01T20:32:19 IST" time="31.333" errors="0">
  <testcase name="createFilterAndClickOnCancelButton" time="31.333" classname="testScripts.TC_06CreateFilter"/>
  <system-out/>
</testsuite> <!-- testScripts.TC_06CreateFilter -->
