<?xml version="1.0" encoding="UTF-8"?>
<!-- Generated by org.testng.reporters.JUnitReportReporter -->
<testsuite skipped="0" hostname="aks-lenovo" name="com.crm.vtiger.opportunitytest.TC_03CreateOpportunity" tests="1" failures="0" timestamp="2021-10-06T16:51:27 IST" time="45.212" errors="0">
  <testcase name="createOpportunityWithSalesStagedClosed" time="45.212" classname="com.crm.vtiger.opportunitytest.TC_03CreateOpportunity"/>
  <system-out/>
</testsuite> <!-- com.crm.vtiger.opportunitytest.TC_03CreateOpportunity -->
