<?xml version="1.0" encoding="UTF-8"?>
<!-- Generated by org.testng.reporters.JUnitReportReporter -->
<testsuite skipped="0" hostname="aks-lenovo" name="testScripts.TC_01CreateOpportunity" tests="1" failures="0" timestamp="2021-10-05T17:02:39 IST" time="43.115" errors="0">
  <testcase name="createOpportunityWithSalesStagedClosed" time="43.115" classname="testScripts.TC_01CreateOpportunity"/>
  <system-out/>
</testsuite> <!-- testScripts.TC_01CreateOpportunity -->
