<?xml version="1.0" encoding="UTF-8"?>
<!-- Generated by org.testng.reporters.JUnitReportReporter -->
<testsuite skipped="0" hostname="aks-lenovo" name="testScripts.TC_05CreateFilter" tests="1" failures="0" timestamp="2021-10-01T20:28:35 IST" time="26.856" errors="0">
  <testcase name="createFilterWithoutMandatoryFields" time="26.856" classname="testScripts.TC_05CreateFilter"/>
  <system-out/>
</testsuite> <!-- testScripts.TC_05CreateFilter -->
