<?xml version="1.0" encoding="UTF-8"?>
<!-- Generated by org.testng.reporters.JUnitReportReporter -->
<testsuite skipped="0" hostname="aks-lenovo" name="testScripts.TC_03CreateOpportunity" tests="1" failures="0" timestamp="2021-10-01T16:12:53 IST" time="27.121" errors="0">
  <testcase name="createOpportunityAndClickOnCancelButton" time="27.121" classname="testScripts.TC_03CreateOpportunity"/>
  <system-out/>
</testsuite> <!-- testScripts.TC_03CreateOpportunity -->
