<?xml version="1.0" encoding="UTF-8"?>
<!-- Generated by org.testng.reporters.JUnitReportReporter -->
<testsuite skipped="0" hostname="aks-lenovo" name="testScripts.TC_02CreateOpportunity" tests="1" failures="0" timestamp="2021-10-01T15:46:09 IST" time="14.843" errors="0">
  <testcase name="createOpportunityWithoutFillingMandatoryDetails" time="14.843" classname="testScripts.TC_02CreateOpportunity"/>
  <system-out/>
</testsuite> <!-- testScripts.TC_02CreateOpportunity -->
